android/build/outputs/logs/manifest-merger-debug-report.txt
-- Merging decision tree log ---
manifest
ADDED from SpaceBombs/android/AndroidManifest.xml:2:1-28:12
	package
		ADDED from SpaceBombs/android/AndroidManifest.xml:3:5-32
		INJECTED from SpaceBombs/android/AndroidManifest.xml
		INJECTED from SpaceBombs/android/AndroidManifest.xml
	android:versionName
		ADDED from SpaceBombs/android/AndroidManifest.xml:5:5-30
		INJECTED from SpaceBombs/android/AndroidManifest.xml
		INJECTED from SpaceBombs/android/AndroidManifest.xml
	android:versionCode
		ADDED from SpaceBombs/android/AndroidManifest.xml:4:5-28
		INJECTED from SpaceBombs/android/AndroidManifest.xml
		INJECTED from SpaceBombs/android/AndroidManifest.xml
	xmlns:android
		ADDED from SpaceBombs/android/AndroidManifest.xml:2:11-69
uses-sdk
ADDED from SpaceBombs/android/AndroidManifest.xml:7:5-74
	android:targetSdkVersion
		ADDED from SpaceBombs/android/AndroidManifest.xml:7:42-71
		INJECTED from SpaceBombs/android/AndroidManifest.xml
		INJECTED from SpaceBombs/android/AndroidManifest.xml
	android:minSdkVersion
		ADDED from SpaceBombs/android/AndroidManifest.xml:7:15-41
		INJECTED from SpaceBombs/android/AndroidManifest.xml
		INJECTED from SpaceBombs/android/AndroidManifest.xml
uses-permission#android.permission.INTERNET
ADDED from SpaceBombs/android/AndroidManifest.xml:9:5-66
	android:name
		ADDED from SpaceBombs/android/AndroidManifest.xml:9:22-64
application
ADDED from SpaceBombs/android/AndroidManifest.xml:11:5-26:19
	android:label
		ADDED from SpaceBombs/android/AndroidManifest.xml:14:9-41
	android:allowBackup
		ADDED from SpaceBombs/android/AndroidManifest.xml:12:9-35
	android:icon
		ADDED from SpaceBombs/android/AndroidManifest.xml:13:9-38
	android:theme
		ADDED from SpaceBombs/android/AndroidManifest.xml:15:9-40
activity#com.gdx.bomberman.AndroidLauncher
ADDED from SpaceBombs/android/AndroidManifest.xml:16:9-25:20
	android:screenOrientation
		ADDED from SpaceBombs/android/AndroidManifest.xml:19:13-50
	android:label
		ADDED from SpaceBombs/android/AndroidManifest.xml:18:13-45
	android:configChanges
		ADDED from SpaceBombs/android/AndroidManifest.xml:20:13-83
	android:name
		ADDED from SpaceBombs/android/AndroidManifest.xml:17:13-61
intent-filter#android.intent.action.MAIN+android.intent.category.LAUNCHER
ADDED from SpaceBombs/android/AndroidManifest.xml:21:13-24:29
action#android.intent.action.MAIN
ADDED from SpaceBombs/android/AndroidManifest.xml:22:17-69
	android:name
		ADDED from SpaceBombs/android/AndroidManifest.xml:22:25-66
category#android.intent.category.LAUNCHER
ADDED from SpaceBombs/android/AndroidManifest.xml:23:17-77
	android:name
		ADDED from SpaceBombs/android/AndroidManifest.xml:23:27-74